<?xml version="1.0" encoding="UTF-8"?>
<!-- Generated by org.testng.reporters.JUnitReportReporter -->
<testsuite skipped="0" hostname="Benny-computer" name="testcases.RemoteFlowTest" tests="3" failures="0" timestamp="01 Dec 2018 13:09:29 GMT" time="87.652" errors="0">
  <testcase name="test1" time="28.507" classname="testcases.RemoteFlowTest"/>
  <testcase name="test1" time="29.394" classname="testcases.RemoteFlowTest"/>
  <testcase name="test1" time="29.751" classname="testcases.RemoteFlowTest"/>
</testsuite> <!-- testcases.RemoteFlowTest -->
