<?xml version="1.0" encoding="UTF-8"?>
<!-- Generated by org.testng.reporters.JUnitReportReporter -->
<testsuite skipped="0" hostname="Benny-computer" name="testcases.RemoteFlowTest" tests="3" failures="0" timestamp="02 Dec 2018 06:15:20 GMT" time="90.184" errors="0">
  <testcase name="test1" time="27.553" classname="testcases.RemoteFlowTest"/>
  <testcase name="test1" time="31.830" classname="testcases.RemoteFlowTest"/>
  <testcase name="test1" time="30.801" classname="testcases.RemoteFlowTest"/>
</testsuite> <!-- testcases.RemoteFlowTest -->
