<?xml version="1.0" encoding="UTF-8"?>
<!-- Generated by org.testng.reporters.JUnitReportReporter -->
<testsuite skipped="0" hostname="Benny-computer" name="testcases.RemoteFlowTest" tests="3" failures="0" timestamp="01 Dec 2018 13:54:49 GMT" time="115.598" errors="0">
  <testcase name="test1" time="40.713" classname="testcases.RemoteFlowTest"/>
  <testcase name="test1" time="34.505" classname="testcases.RemoteFlowTest"/>
  <testcase name="test1" time="40.380" classname="testcases.RemoteFlowTest"/>
</testsuite> <!-- testcases.RemoteFlowTest -->
