<?xml version="1.0" encoding="UTF-8"?>
<!-- Generated by org.testng.reporters.JUnitReportReporter -->
<testsuite skipped="0" hostname="Benny-computer" name="testcases.RemoteFlowTest" tests="3" failures="0" timestamp="02 Dec 2018 06:26:08 GMT" time="111.603" errors="0">
  <testcase name="test1" time="33.564" classname="testcases.RemoteFlowTest"/>
  <testcase name="test1" time="38.716" classname="testcases.RemoteFlowTest"/>
  <testcase name="test1" time="39.323" classname="testcases.RemoteFlowTest"/>
</testsuite> <!-- testcases.RemoteFlowTest -->
